0 info it worked if it ends with ok
1 verbose cli [ '/Users/ricardo/n/bin/node',
1 verbose cli   '/Users/ricardo/n/bin/npm',
1 verbose cli   'run',
1 verbose cli   'deploy' ]
2 info using npm@3.10.8
3 info using node@v6.9.1
4 verbose run-script [ 'predeploy', 'deploy', 'postdeploy' ]
5 info lifecycle cloud@1.0.0~predeploy: cloud@1.0.0
6 verbose lifecycle cloud@1.0.0~predeploy: unsafe-perm in lifecycle true
7 verbose lifecycle cloud@1.0.0~predeploy: PATH: /Users/ricardo/n/lib/node_modules/npm/bin/node-gyp-bin:/Users/ricardo/Code/cloud/node_modules/.bin:/usr/local/bin:/usr/bin:/bin:/usr/sbin:/sbin:/Users/ricardo/n/bin
8 verbose lifecycle cloud@1.0.0~predeploy: CWD: /Users/ricardo/Code/cloud
9 silly lifecycle cloud@1.0.0~predeploy: Args: [ '-c', 'npm run build' ]
10 silly lifecycle cloud@1.0.0~predeploy: Returned: code: 1  signal: null
11 info lifecycle cloud@1.0.0~predeploy: Failed to exec predeploy script
12 verbose stack Error: cloud@1.0.0 predeploy: `npm run build`
12 verbose stack Exit status 1
12 verbose stack     at EventEmitter.<anonymous> (/Users/ricardo/n/lib/node_modules/npm/lib/utils/lifecycle.js:255:16)
12 verbose stack     at emitTwo (events.js:106:13)
12 verbose stack     at EventEmitter.emit (events.js:191:7)
12 verbose stack     at ChildProcess.<anonymous> (/Users/ricardo/n/lib/node_modules/npm/lib/utils/spawn.js:40:14)
12 verbose stack     at emitTwo (events.js:106:13)
12 verbose stack     at ChildProcess.emit (events.js:191:7)
12 verbose stack     at maybeClose (internal/child_process.js:877:16)
12 verbose stack     at Process.ChildProcess._handle.onexit (internal/child_process.js:226:5)
13 verbose pkgid cloud@1.0.0
14 verbose cwd /Users/ricardo/Code/cloud
15 error Darwin 16.0.0
16 error argv "/Users/ricardo/n/bin/node" "/Users/ricardo/n/bin/npm" "run" "deploy"
17 error node v6.9.1
18 error npm  v3.10.8
19 error code ELIFECYCLE
20 error cloud@1.0.0 predeploy: `npm run build`
20 error Exit status 1
21 error Failed at the cloud@1.0.0 predeploy script 'npm run build'.
21 error Make sure you have the latest version of node.js and npm installed.
21 error If you do, this is most likely a problem with the cloud package,
21 error not with npm itself.
21 error Tell the author that this fails on your system:
21 error     npm run build
21 error You can get information on how to open an issue for this project with:
21 error     npm bugs cloud
21 error Or if that isn't available, you can get their info via:
21 error     npm owner ls cloud
21 error There is likely additional logging output above.
22 verbose exit [ 1, true ]
